<?xml version="1.0" encoding="UTF-8"?>
<!-- Generated by org.testng.reporters.JUnitReportReporter -->
<testsuite skipped="0" hostname="DESKTOP-8OMHQOE" name="ecomPackage.AutomationProject" tests="1" failures="0" timestamp="2020-07-25T06:46:05 IST" time="2.481" errors="0">
  <testcase name="searchProduct_And_Validate" time="2.481" classname="ecomPackage.AutomationProject"/>
  <system-out/>
</testsuite> <!-- ecomPackage.AutomationProject -->
